Arguments: 
  /Users/bgoodman/.nvm/versions/node/v12.6.0/bin/node /usr/local/Cellar/yarn/1.17.3/libexec/bin/yarn.js add -D @types/reprism

PATH: 
  /Users/bgoodman/perl5/bin:/Users/bgoodman/.nvm/versions/node/v12.6.0/bin:/Users/bgoodman/bin:/Users/bgoodman/.cargo/bin:/usr/local/bin:/var/root/Library/Python/3.7/bin:/usr/local/go/bin:/usr/local/bin:/usr/bin:/bin:/usr/sbin:/sbin:/opt/X11/bin:/usr/local/CrossPack-AVR/bin:/usr/local/share/dotnet:~/.dotnet/tools:/Library/Frameworks/Mono.framework/Versions/Current/Commands:/usr/local/munki:/Applications/Wireshark.app/Contents/MacOS:/Applications/Xamarin\ Workbooks.app/Contents/SharedSupport/path-bin:/Users/bgoodman/go/bin:/usr/local/opt/dart/libexec

Yarn version: 
  1.17.3

Node version: 
  12.6.0

Platform: 
  darwin x64

Trace: 
  Error: https://registry.yarnpkg.com/@types%2freprism: Not found
      at Request.params.callback [as _callback] (/usr/local/Cellar/yarn/1.17.3/libexec/lib/cli.js:66830:18)
      at Request.self.callback (/usr/local/Cellar/yarn/1.17.3/libexec/lib/cli.js:140464:22)
      at Request.emit (events.js:203:13)
      at Request.<anonymous> (/usr/local/Cellar/yarn/1.17.3/libexec/lib/cli.js:141436:10)
      at Request.emit (events.js:203:13)
      at IncomingMessage.<anonymous> (/usr/local/Cellar/yarn/1.17.3/libexec/lib/cli.js:141358:12)
      at Object.onceWrapper (events.js:291:20)
      at IncomingMessage.emit (events.js:208:15)
      at endReadableNT (_stream_readable.js:1154:12)
      at processTicksAndRejections (internal/process/task_queues.js:77:11)

npm manifest: 
  {
    "name": "@bgoodman/code-edit",
    "version": "1.0.0",
    "description": "A custom element implemeting codemirror.",
    "main": "./dist/index.js",
    "scripts": {
      "build": "./node_modules/.bin/rollup -c rollup.config.js",
      "start": "./node_modules/.bin/serve"
    },
    "devDependencies": {
      "@types/prismjs": "^1.16.0",
      "rollup": "^1.27.0",
      "rollup-plugin-babel": "^4.3.3",
      "rollup-plugin-typescript2": "^0.25.2",
      "serve": "^11.2.0",
      "typescript": "^3.7.2"
    },
    "repository": {
      "type": "git",
      "url": "git+https://github.com/b-goodman/code-edit.git"
    },
    "keywords": [
      "webcomponent",
      "custom-element",
      "prism-js"
    ],
    "author": "Benjamin Goodman",
    "license": "MIT",
    "bugs": {
      "url": "https://github.com/b-goodman/code-prism/issues"
    },
    "homepage": "https://github.com/b-goodman/code-prism#readme",
    "dependencies": {
      "prismjs": "^1.17.1",
      "reprism": "^0.0.11"
    }
  }

yarn manifest: 
  No manifest

Lockfile: 
  # THIS IS AN AUTOGENERATED FILE. DO NOT EDIT THIS FILE DIRECTLY.
  # yarn lockfile v1
  
  
  "@babel/helper-module-imports@^7.0.0":
    version "7.7.0"
    resolved "https://registry.yarnpkg.com/@babel/helper-module-imports/-/helper-module-imports-7.7.0.tgz#99c095889466e5f7b6d66d98dffc58baaf42654d"
    integrity sha512-Dv3hLKIC1jyfTkClvyEkYP2OlkzNvWs5+Q8WgPbxM5LMeorons7iPP91JM+DU7tRbhqA1ZeooPaMFvQrn23RHw==
    dependencies:
      "@babel/types" "^7.7.0"
  
  "@babel/types@^7.7.0":
    version "7.7.2"
    resolved "https://registry.yarnpkg.com/@babel/types/-/types-7.7.2.tgz#550b82e5571dcd174af576e23f0adba7ffc683f7"
    integrity sha512-YTf6PXoh3+eZgRCBzzP25Bugd2ngmpQVrk7kXX0i5N9BO7TFBtIgZYs7WtxtOGs8e6A4ZI7ECkbBCEHeXocvOA==
    dependencies:
      esutils "^2.0.2"
      lodash "^4.17.13"
      to-fast-properties "^2.0.0"
  
  "@types/estree@*":
    version "0.0.39"
    resolved "https://registry.yarnpkg.com/@types/estree/-/estree-0.0.39.tgz#e177e699ee1b8c22d23174caaa7422644389509f"
    integrity sha512-EYNwp3bU+98cpU4lAWYYL7Zz+2gryWH1qbdDTidVd6hkiR6weksdbMadyXKXNPEkQFhXM+hVO9ZygomHXp+AIw==
  
  "@types/node@*":
    version "12.12.8"
    resolved "https://registry.yarnpkg.com/@types/node/-/node-12.12.8.tgz#dab418655af39ce2fa99286a0bed21ef8072ac9d"
    integrity sha512-XLla8N+iyfjvsa0KKV+BP/iGSoTmwxsu5Ci5sM33z9TjohF72DEz95iNvD6pPmemvbQgxAv/909G73gUn8QR7w==
  
  "@types/prismjs@^1.16.0":
    version "1.16.0"
    resolved "https://registry.yarnpkg.com/@types/prismjs/-/prismjs-1.16.0.tgz#4328c9f65698e59f4feade8f4e5d928c748fd643"
    integrity sha512-mEyuziLrfDCQ4juQP1k706BUU/c8OGn/ZFl69AXXY6dStHClKX4P+N8+rhqpul1vRDA2VOygzMRSJJZHyDEOfw==
  
  "@zeit/schemas@2.6.0":
    version "2.6.0"
    resolved "https://registry.yarnpkg.com/@zeit/schemas/-/schemas-2.6.0.tgz#004e8e553b4cd53d538bd38eac7bcbf58a867fe3"
    integrity sha512-uUrgZ8AxS+Lio0fZKAipJjAh415JyrOZowliZAzmnJSsf7piVL5w+G0+gFJ0KSu3QRhvui/7zuvpLz03YjXAhg==
  
  accepts@~1.3.5:
    version "1.3.7"
    resolved "https://registry.yarnpkg.com/accepts/-/accepts-1.3.7.tgz#531bc726517a3b2b41f850021c6cc15eaab507cd"
    integrity sha512-Il80Qs2WjYlJIBNzNkK6KYqlVMTbZLXgHx2oT0pU/fjRHyEp+PEfEPY0R3WCwAGVOtauxh1hOxNgIf5bv7dQpA==
    dependencies:
      mime-types "~2.1.24"
      negotiator "0.6.2"
  
  acorn@^7.1.0:
    version "7.1.0"
    resolved "https://registry.yarnpkg.com/acorn/-/acorn-7.1.0.tgz#949d36f2c292535da602283586c2477c57eb2d6c"
    integrity sha512-kL5CuoXA/dgxlBbVrflsflzQ3PAas7RYZB52NOm/6839iVYJgKMJ3cQJD+t2i5+qFa8h3MDpEOJiS64E8JLnSQ==
  
  ajv@6.5.3:
    version "6.5.3"
    resolved "https://registry.yarnpkg.com/ajv/-/ajv-6.5.3.tgz#71a569d189ecf4f4f321224fecb166f071dd90f9"
    integrity sha512-LqZ9wY+fx3UMiiPd741yB2pj3hhil+hQc8taf4o2QGRFpWgZ2V5C8HA165DY9sS3fJwsk7uT7ZlFEyC3Ig3lLg==
    dependencies:
      fast-deep-equal "^2.0.1"
      fast-json-stable-stringify "^2.0.0"
      json-schema-traverse "^0.4.1"
      uri-js "^4.2.2"
  
  ansi-align@^2.0.0:
    version "2.0.0"
    resolved "https://registry.yarnpkg.com/ansi-align/-/ansi-align-2.0.0.tgz#c36aeccba563b89ceb556f3690f0b1d9e3547f7f"
    integrity sha1-w2rsy6VjuJzrVW82kPCx2eNUf38=
    dependencies:
      string-width "^2.0.0"
  
  ansi-regex@^3.0.0:
    version "3.0.0"
    resolved "https://registry.yarnpkg.com/ansi-regex/-/ansi-regex-3.0.0.tgz#ed0317c322064f79466c02966bddb605ab37d998"
    integrity sha1-7QMXwyIGT3lGbAKWa922Bas32Zg=
  
  ansi-styles@^3.2.1:
    version "3.2.1"
    resolved "https://registry.yarnpkg.com/ansi-styles/-/ansi-styles-3.2.1.tgz#41fbb20243e50b12be0f04b8dedbf07520ce841d"
    integrity sha512-VT0ZI6kZRdTh8YyJw3SMbYm/u+NqfsAxEpWO0Pf9sq8/e94WxxOpPKx9FR1FlyCtOVDNOQ+8ntlqFxiRc+r5qA==
    dependencies:
      color-convert "^1.9.0"
  
  arch@^2.1.0:
    version "2.1.1"
    resolved "https://registry.yarnpkg.com/arch/-/arch-2.1.1.tgz#8f5c2731aa35a30929221bb0640eed65175ec84e"
    integrity sha512-BLM56aPo9vLLFVa8+/+pJLnrZ7QGGTVHWsCwieAWT9o9K8UeGaQbzZbGoabWLOo2ksBCztoXdqBZBplqLDDCSg==
  
  arg@2.0.0:
    version "2.0.0"
    resolved "https://registry.yarnpkg.com/arg/-/arg-2.0.0.tgz#c06e7ff69ab05b3a4a03ebe0407fac4cba657545"
    integrity sha512-XxNTUzKnz1ctK3ZIcI2XUPlD96wbHP2nGqkPKpvk/HNRlPveYrXIVSTk9m3LcqOgDPg3B1nMvdV/K8wZd7PG4w==
  
  balanced-match@^1.0.0:
    version "1.0.0"
    resolved "https://registry.yarnpkg.com/balanced-match/-/balanced-match-1.0.0.tgz#89b4d199ab2bee49de164ea02b89ce462d71b767"
    integrity sha1-ibTRmasr7kneFk6gK4nORi1xt2c=
  
  boxen@1.3.0:
    version "1.3.0"
    resolved "https://registry.yarnpkg.com/boxen/-/boxen-1.3.0.tgz#55c6c39a8ba58d9c61ad22cd877532deb665a20b"
    integrity sha512-TNPjfTr432qx7yOjQyaXm3dSR0MH9vXp7eT1BFSl/C51g+EFnOR9hTg1IreahGBmDNCehscshe45f+C1TBZbLw==
    dependencies:
      ansi-align "^2.0.0"
      camelcase "^4.0.0"
      chalk "^2.0.1"
      cli-boxes "^1.0.0"
      string-width "^2.0.0"
      term-size "^1.2.0"
      widest-line "^2.0.0"
  
  brace-expansion@^1.1.7:
    version "1.1.11"
    resolved "https://registry.yarnpkg.com/brace-expansion/-/brace-expansion-1.1.11.tgz#3c7fcbf529d87226f3d2f52b966ff5271eb441dd"
    integrity sha512-iCuPHDFgrHX7H2vEI/5xpz07zSHB00TpugqhmYtVmMO6518mCuRMoOYFldEBl0g187ufozdaHgWKcYFb61qGiA==
    dependencies:
      balanced-match "^1.0.0"
      concat-map "0.0.1"
  
  bytes@3.0.0:
    version "3.0.0"
    resolved "https://registry.yarnpkg.com/bytes/-/bytes-3.0.0.tgz#d32815404d689699f85a4ea4fa8755dd13a96048"
    integrity sha1-0ygVQE1olpn4Wk6k+odV3ROpYEg=
  
  camelcase@^4.0.0:
    version "4.1.0"
    resolved "https://registry.yarnpkg.com/camelcase/-/camelcase-4.1.0.tgz#d545635be1e33c542649c69173e5de6acfae34dd"
    integrity sha1-1UVjW+HjPFQmScaRc+Xeas+uNN0=
  
  chalk@2.4.1:
    version "2.4.1"
    resolved "https://registry.yarnpkg.com/chalk/-/chalk-2.4.1.tgz#18c49ab16a037b6eb0152cc83e3471338215b66e"
    integrity sha512-ObN6h1v2fTJSmUXoS3nMQ92LbDK9be4TV+6G+omQlGJFdcUX5heKi1LZ1YnRMIgwTLEj3E24bT6tYni50rlCfQ==
    dependencies:
      ansi-styles "^3.2.1"
      escape-string-regexp "^1.0.5"
      supports-color "^5.3.0"
  
  chalk@^2.0.1:
    version "2.4.2"
    resolved "https://registry.yarnpkg.com/chalk/-/chalk-2.4.2.tgz#cd42541677a54333cf541a49108c1432b44c9424"
    integrity sha512-Mti+f9lpJNcwF4tWV8/OrTTtF1gZi+f8FqlyAdouralcFWFQWF2+NgCHShjkCb+IFBLq9buZwE1xckQU4peSuQ==
    dependencies:
      ansi-styles "^3.2.1"
      escape-string-regexp "^1.0.5"
      supports-color "^5.3.0"
  
  cli-boxes@^1.0.0:
    version "1.0.0"
    resolved "https://registry.yarnpkg.com/cli-boxes/-/cli-boxes-1.0.0.tgz#4fa917c3e59c94a004cd61f8ee509da651687143"
    integrity sha1-T6kXw+WclKAEzWH47lCdplFocUM=
  
  clipboard@^2.0.0:
    version "2.0.4"
    resolved "https://registry.yarnpkg.com/clipboard/-/clipboard-2.0.4.tgz#836dafd66cf0fea5d71ce5d5b0bf6e958009112d"
    integrity sha512-Vw26VSLRpJfBofiVaFb/I8PVfdI1OxKcYShe6fm0sP/DtmiWQNCjhM/okTvdCo0G+lMMm1rMYbk4IK4x1X+kgQ==
    dependencies:
      good-listener "^1.2.2"
      select "^1.1.2"
      tiny-emitter "^2.0.0"
  
  clipboardy@1.2.3:
    version "1.2.3"
    resolved "https://registry.yarnpkg.com/clipboardy/-/clipboardy-1.2.3.tgz#0526361bf78724c1f20be248d428e365433c07ef"
    integrity sha512-2WNImOvCRe6r63Gk9pShfkwXsVtKCroMAevIbiae021mS850UkWPbevxsBz3tnvjZIEGvlwaqCPsw+4ulzNgJA==
    dependencies:
      arch "^2.1.0"
      execa "^0.8.0"
  
  color-convert@^1.9.0:
    version "1.9.3"
    resolved "https://registry.yarnpkg.com/color-convert/-/color-convert-1.9.3.tgz#bb71850690e1f136567de629d2d5471deda4c1e8"
    integrity sha512-QfAUtd+vFdAtFQcC8CCyYt1fYWxSqAiK2cSD6zDB8N3cpsEBAvRxp9zOGg6G/SHHJYAT88/az/IuDGALsNVbGg==
    dependencies:
      color-name "1.1.3"
  
  color-name@1.1.3:
    version "1.1.3"
    resolved "https://registry.yarnpkg.com/color-name/-/color-name-1.1.3.tgz#a7d0558bd89c42f795dd42328f740831ca53bc25"
    integrity sha1-p9BVi9icQveV3UIyj3QIMcpTvCU=
  
  commondir@^1.0.1:
    version "1.0.1"
    resolved "https://registry.yarnpkg.com/commondir/-/commondir-1.0.1.tgz#ddd800da0c66127393cca5950ea968a3aaf1253b"
    integrity sha1-3dgA2gxmEnOTzKWVDqloo6rxJTs=
  
  compressible@~2.0.14:
    version "2.0.17"
    resolved "https://registry.yarnpkg.com/compressible/-/compressible-2.0.17.tgz#6e8c108a16ad58384a977f3a482ca20bff2f38c1"
    integrity sha512-BGHeLCK1GV7j1bSmQQAi26X+GgWcTjLr/0tzSvMCl3LH1w1IJ4PFSPoV5316b30cneTziC+B1a+3OjoSUcQYmw==
    dependencies:
      mime-db ">= 1.40.0 < 2"
  
  compression@1.7.3:
    version "1.7.3"
    resolved "https://registry.yarnpkg.com/compression/-/compression-1.7.3.tgz#27e0e176aaf260f7f2c2813c3e440adb9f1993db"
    integrity sha512-HSjyBG5N1Nnz7tF2+O7A9XUhyjru71/fwgNb7oIsEVHR0WShfs2tIS/EySLgiTe98aOK18YDlMXpzjCXY/n9mg==
    dependencies:
      accepts "~1.3.5"
      bytes "3.0.0"
      compressible "~2.0.14"
      debug "2.6.9"
      on-headers "~1.0.1"
      safe-buffer "5.1.2"
      vary "~1.1.2"
  
  concat-map@0.0.1:
    version "0.0.1"
    resolved "https://registry.yarnpkg.com/concat-map/-/concat-map-0.0.1.tgz#d8a96bd77fd68df7793a73036a3ba0d5405d477b"
    integrity sha1-2Klr13/Wjfd5OnMDajug1UBdR3s=
  
  content-disposition@0.5.2:
    version "0.5.2"
    resolved "https://registry.yarnpkg.com/content-disposition/-/content-disposition-0.5.2.tgz#0cf68bb9ddf5f2be7961c3a85178cb85dba78cb4"
    integrity sha1-DPaLud318r55YcOoUXjLhdunjLQ=
  
  cross-spawn@^5.0.1:
    version "5.1.0"
    resolved "https://registry.yarnpkg.com/cross-spawn/-/cross-spawn-5.1.0.tgz#e8bd0efee58fcff6f8f94510a0a554bbfa235449"
    integrity sha1-6L0O/uWPz/b4+UUQoKVUu/ojVEk=
    dependencies:
      lru-cache "^4.0.1"
      shebang-command "^1.2.0"
      which "^1.2.9"
  
  debug@2.6.9:
    version "2.6.9"
    resolved "https://registry.yarnpkg.com/debug/-/debug-2.6.9.tgz#5d128515df134ff327e90a4c93f4e077a536341f"
    integrity sha512-bC7ElrdJaJnPbAP+1EotYvqZsb3ecl5wi6Bfi6BJTUcNowp6cvspg0jXznRTKDjm/E7AdgFBVeAPVMNcKGsHMA==
    dependencies:
      ms "2.0.0"
  
  deep-extend@^0.6.0:
    version "0.6.0"
    resolved "https://registry.yarnpkg.com/deep-extend/-/deep-extend-0.6.0.tgz#c4fa7c95404a17a9c3e8ca7e1537312b736330ac"
    integrity sha512-LOHxIOaPYdHlJRtCQfDIVZtfw/ufM8+rVj649RIHzcm/vGwQRXFt6OPqIFWsm2XEMrNIEtWR64sY1LEKD2vAOA==
  
  delegate@^3.1.2:
    version "3.2.0"
    resolved "https://registry.yarnpkg.com/delegate/-/delegate-3.2.0.tgz#b66b71c3158522e8ab5744f720d8ca0c2af59166"
    integrity sha512-IofjkYBZaZivn0V8nnsMJGBr4jVLxHDheKSW88PyxS5QC4Vo9ZbZVvhzlSxY87fVq3STR6r+4cGepyHkcWOQSw==
  
  escape-string-regexp@^1.0.5:
    version "1.0.5"
    resolved "https://registry.yarnpkg.com/escape-string-regexp/-/escape-string-regexp-1.0.5.tgz#1b61c0562190a8dff6ae3bb2cf0200ca130b86d4"
    integrity sha1-G2HAViGQqN/2rjuyzwIAyhMLhtQ=
  
  estree-walker@^0.6.1:
    version "0.6.1"
    resolved "https://registry.yarnpkg.com/estree-walker/-/estree-walker-0.6.1.tgz#53049143f40c6eb918b23671d1fe3219f3a1b362"
    integrity sha512-SqmZANLWS0mnatqbSfRP5g8OXZC12Fgg1IwNtLsyHDzJizORW4khDfjPqJZsemPWBB2uqykUah5YpQ6epsqC/w==
  
  esutils@^2.0.2:
    version "2.0.3"
    resolved "https://registry.yarnpkg.com/esutils/-/esutils-2.0.3.tgz#74d2eb4de0b8da1293711910d50775b9b710ef64"
    integrity sha512-kVscqXk4OCp68SZ0dkgEKVi6/8ij300KBWTJq32P/dYeWTSwK41WyTxalN1eRmA5Z9UU/LX9D7FWSmV9SAYx6g==
  
  execa@^0.7.0:
    version "0.7.0"
    resolved "https://registry.yarnpkg.com/execa/-/execa-0.7.0.tgz#944becd34cc41ee32a63a9faf27ad5a65fc59777"
    integrity sha1-lEvs00zEHuMqY6n68nrVpl/Fl3c=
    dependencies:
      cross-spawn "^5.0.1"
      get-stream "^3.0.0"
      is-stream "^1.1.0"
      npm-run-path "^2.0.0"
      p-finally "^1.0.0"
      signal-exit "^3.0.0"
      strip-eof "^1.0.0"
  
  execa@^0.8.0:
    version "0.8.0"
    resolved "https://registry.yarnpkg.com/execa/-/execa-0.8.0.tgz#d8d76bbc1b55217ed190fd6dd49d3c774ecfc8da"
    integrity sha1-2NdrvBtVIX7RkP1t1J08d07PyNo=
    dependencies:
      cross-spawn "^5.0.1"
      get-stream "^3.0.0"
      is-stream "^1.1.0"
      npm-run-path "^2.0.0"
      p-finally "^1.0.0"
      signal-exit "^3.0.0"
      strip-eof "^1.0.0"
  
  fast-deep-equal@^2.0.1:
    version "2.0.1"
    resolved "https://registry.yarnpkg.com/fast-deep-equal/-/fast-deep-equal-2.0.1.tgz#7b05218ddf9667bf7f370bf7fdb2cb15fdd0aa49"
    integrity sha1-ewUhjd+WZ79/Nwv3/bLLFf3Qqkk=
  
  fast-json-stable-stringify@^2.0.0:
    version "2.0.0"
    resolved "https://registry.yarnpkg.com/fast-json-stable-stringify/-/fast-json-stable-stringify-2.0.0.tgz#d5142c0caee6b1189f87d3a76111064f86c8bbf2"
    integrity sha1-1RQsDK7msRifh9OnYREGT4bIu/I=
  
  fast-url-parser@1.1.3:
    version "1.1.3"
    resolved "https://registry.yarnpkg.com/fast-url-parser/-/fast-url-parser-1.1.3.tgz#f4af3ea9f34d8a271cf58ad2b3759f431f0b318d"
    integrity sha1-9K8+qfNNiicc9YrSs3WfQx8LMY0=
    dependencies:
      punycode "^1.3.2"
  
  find-cache-dir@^3.0.0:
    version "3.1.0"
    resolved "https://registry.yarnpkg.com/find-cache-dir/-/find-cache-dir-3.1.0.tgz#9935894999debef4cf9f677fdf646d002c4cdecb"
    integrity sha512-zw+EFiNBNPgI2NTrKkDd1xd7q0cs6wr/iWnr/oUkI0yF9K9GqQ+riIt4aiyFaaqpaWbxPrJXHI+QvmNUQbX+0Q==
    dependencies:
      commondir "^1.0.1"
      make-dir "^3.0.0"
      pkg-dir "^4.1.0"
  
  find-up@^4.0.0:
    version "4.1.0"
    resolved "https://registry.yarnpkg.com/find-up/-/find-up-4.1.0.tgz#97afe7d6cdc0bc5928584b7c8d7b16e8a9aa5d19"
    integrity sha512-PpOwAdQ/YlXQ2vj8a3h8IipDuYRi3wceVQQGYWxNINccq40Anw7BlsEXCMbt1Zt+OLA6Fq9suIpIWD0OsnISlw==
    dependencies:
      locate-path "^5.0.0"
      path-exists "^4.0.0"
  
  fs-extra@8.1.0:
    version "8.1.0"
    resolved "https://registry.yarnpkg.com/fs-extra/-/fs-extra-8.1.0.tgz#49d43c45a88cd9677668cb7be1b46efdb8d2e1c0"
    integrity sha512-yhlQgA6mnOJUKOsRUFsgJdQCvkKhcz8tlZG5HBQfReYZy46OwLcY+Zia0mtdHsOo9y/hP+CxMN0TU9QxoOtG4g==
    dependencies:
      graceful-fs "^4.2.0"
      jsonfile "^4.0.0"
      universalify "^0.1.0"
  
  get-stream@^3.0.0:
    version "3.0.0"
    resolved "https://registry.yarnpkg.com/get-stream/-/get-stream-3.0.0.tgz#8e943d1358dc37555054ecbe2edb05aa174ede14"
    integrity sha1-jpQ9E1jcN1VQVOy+LtsFqhdO3hQ=
  
  good-listener@^1.2.2:
    version "1.2.2"
    resolved "https://registry.yarnpkg.com/good-listener/-/good-listener-1.2.2.tgz#d53b30cdf9313dffb7dc9a0d477096aa6d145c50"
    integrity sha1-1TswzfkxPf+33JoNR3CWqm0UXFA=
    dependencies:
      delegate "^3.1.2"
  
  graceful-fs@^4.1.6, graceful-fs@^4.2.0:
    version "4.2.3"
    resolved "https://registry.yarnpkg.com/graceful-fs/-/graceful-fs-4.2.3.tgz#4a12ff1b60376ef09862c2093edd908328be8423"
    integrity sha512-a30VEBm4PEdx1dRB7MFK7BejejvCvBronbLjht+sHuGYj8PHs7M/5Z+rt5lw551vZ7yfTCj4Vuyy3mSJytDWRQ==
  
  has-flag@^3.0.0:
    version "3.0.0"
    resolved "https://registry.yarnpkg.com/has-flag/-/has-flag-3.0.0.tgz#b5d454dc2199ae225699f3467e5a07f3b955bafd"
    integrity sha1-tdRU3CGZriJWmfNGfloH87lVuv0=
  
  ini@~1.3.0:
    version "1.3.5"
    resolved "https://registry.yarnpkg.com/ini/-/ini-1.3.5.tgz#eee25f56db1c9ec6085e0c22778083f596abf927"
    integrity sha512-RZY5huIKCMRWDUqZlEi72f/lmXKMvuszcMBduliQ3nnWbx9X/ZBQO7DijMEYS9EhHBb2qacRUMtC7svLwe0lcw==
  
  is-fullwidth-code-point@^2.0.0:
    version "2.0.0"
    resolved "https://registry.yarnpkg.com/is-fullwidth-code-point/-/is-fullwidth-code-point-2.0.0.tgz#a3b30a5c4f199183167aaab93beefae3ddfb654f"
    integrity sha1-o7MKXE8ZkYMWeqq5O+764937ZU8=
  
  is-stream@^1.1.0:
    version "1.1.0"
    resolved "https://registry.yarnpkg.com/is-stream/-/is-stream-1.1.0.tgz#12d4a3dd4e68e0b79ceb8dbc84173ae80d91ca44"
    integrity sha1-EtSj3U5o4Lec6428hBc66A2RykQ=
  
  isexe@^2.0.0:
    version "2.0.0"
    resolved "https://registry.yarnpkg.com/isexe/-/isexe-2.0.0.tgz#e8fbf374dc556ff8947a10dcb0572d633f2cfa10"
    integrity sha1-6PvzdNxVb/iUehDcsFctYz8s+hA=
  
  json-schema-traverse@^0.4.1:
    version "0.4.1"
    resolved "https://registry.yarnpkg.com/json-schema-traverse/-/json-schema-traverse-0.4.1.tgz#69f6a87d9513ab8bb8fe63bdb0979c448e684660"
    integrity sha512-xbbCH5dCYU5T8LcEhhuh7HJ88HXuW3qsI3Y0zOZFKfZEHcpWiHU/Jxzk629Brsab/mMiHQti9wMP+845RPe3Vg==
  
  jsonfile@^4.0.0:
    version "4.0.0"
    resolved "https://registry.yarnpkg.com/jsonfile/-/jsonfile-4.0.0.tgz#8771aae0799b64076b76640fca058f9c10e33ecb"
    integrity sha1-h3Gq4HmbZAdrdmQPygWPnBDjPss=
    optionalDependencies:
      graceful-fs "^4.1.6"
  
  locate-path@^5.0.0:
    version "5.0.0"
    resolved "https://registry.yarnpkg.com/locate-path/-/locate-path-5.0.0.tgz#1afba396afd676a6d42504d0a67a3a7eb9f62aa0"
    integrity sha512-t7hw9pI+WvuwNJXwk5zVHpyhIqzg2qTlklJOf0mVxGSbe3Fp2VieZcduNYjaLDoy6p9uGpQEGWG87WpMKlNq8g==
    dependencies:
      p-locate "^4.1.0"
  
  lodash@^4.17.13:
    version "4.17.15"
    resolved "https://registry.yarnpkg.com/lodash/-/lodash-4.17.15.tgz#b447f6670a0455bbfeedd11392eff330ea097548"
    integrity sha512-8xOcRHvCjnocdS5cpwXQXVzmmh5e5+saE2QGoeQmbKmRS6J3VQppPOIt0MnmE+4xlZoumy0GPG0D0MVIQbNA1A==
  
  lru-cache@^4.0.1:
    version "4.1.5"
    resolved "https://registry.yarnpkg.com/lru-cache/-/lru-cache-4.1.5.tgz#8bbe50ea85bed59bc9e33dcab8235ee9bcf443cd"
    integrity sha512-sWZlbEP2OsHNkXrMl5GYk/jKk70MBng6UU4YI/qGDYbgf6YbP4EvmqISbXCoJiRKs+1bSpFHVgQxvJ17F2li5g==
    dependencies:
      pseudomap "^1.0.2"
      yallist "^2.1.2"
  
  make-dir@^3.0.0:
    version "3.0.0"
    resolved "https://registry.yarnpkg.com/make-dir/-/make-dir-3.0.0.tgz#1b5f39f6b9270ed33f9f054c5c0f84304989f801"
    integrity sha512-grNJDhb8b1Jm1qeqW5R/O63wUo4UXo2v2HMic6YT9i/HBlF93S8jkMgH7yugvY9ABDShH4VZMn8I+U8+fCNegw==
    dependencies:
      semver "^6.0.0"
  
  mime-db@1.42.0, "mime-db@>= 1.40.0 < 2":
    version "1.42.0"
    resolved "https://registry.yarnpkg.com/mime-db/-/mime-db-1.42.0.tgz#3e252907b4c7adb906597b4b65636272cf9e7bac"
    integrity sha512-UbfJCR4UAVRNgMpfImz05smAXK7+c+ZntjaA26ANtkXLlOe947Aag5zdIcKQULAiF9Cq4WxBi9jUs5zkA84bYQ==
  
  mime-db@~1.33.0:
    version "1.33.0"
    resolved "https://registry.yarnpkg.com/mime-db/-/mime-db-1.33.0.tgz#a3492050a5cb9b63450541e39d9788d2272783db"
    integrity sha512-BHJ/EKruNIqJf/QahvxwQZXKygOQ256myeN/Ew+THcAa5q+PjyTTMMeNQC4DZw5AwfvelsUrA6B67NKMqXDbzQ==
  
  mime-types@2.1.18:
    version "2.1.18"
    resolved "https://registry.yarnpkg.com/mime-types/-/mime-types-2.1.18.tgz#6f323f60a83d11146f831ff11fd66e2fe5503bb8"
    integrity sha512-lc/aahn+t4/SWV/qcmumYjymLsWfN3ELhpmVuUFjgsORruuZPVSwAQryq+HHGvO/SI2KVX26bx+En+zhM8g8hQ==
    dependencies:
      mime-db "~1.33.0"
  
  mime-types@~2.1.24:
    version "2.1.25"
    resolved "https://registry.yarnpkg.com/mime-types/-/mime-types-2.1.25.tgz#39772d46621f93e2a80a856c53b86a62156a6437"
    integrity sha512-5KhStqB5xpTAeGqKBAMgwaYMnQik7teQN4IAzC7npDv6kzeU6prfkR67bc87J1kWMPGkoaZSq1npmexMgkmEVg==
    dependencies:
      mime-db "1.42.0"
  
  minimatch@3.0.4:
    version "3.0.4"
    resolved "https://registry.yarnpkg.com/minimatch/-/minimatch-3.0.4.tgz#5166e286457f03306064be5497e8dbb0c3d32083"
    integrity sha512-yJHVQEhyqPLUTgt9B83PXu6W3rx4MvvHvSUvToogpwoGDOUQ+yDrR0HRot+yOCdCO7u4hX3pWft6kWBBcqh0UA==
    dependencies:
      brace-expansion "^1.1.7"
  
  minimist@^1.2.0:
    version "1.2.0"
    resolved "https://registry.yarnpkg.com/minimist/-/minimist-1.2.0.tgz#a35008b20f41383eec1fb914f4cd5df79a264284"
    integrity sha1-o1AIsg9BOD7sH7kU9M1d95omQoQ=
  
  ms@2.0.0:
    version "2.0.0"
    resolved "https://registry.yarnpkg.com/ms/-/ms-2.0.0.tgz#5608aeadfc00be6c2901df5f9861788de0d597c8"
    integrity sha1-VgiurfwAvmwpAd9fmGF4jeDVl8g=
  
  negotiator@0.6.2:
    version "0.6.2"
    resolved "https://registry.yarnpkg.com/negotiator/-/negotiator-0.6.2.tgz#feacf7ccf525a77ae9634436a64883ffeca346fb"
    integrity sha512-hZXc7K2e+PgeI1eDBe/10Ard4ekbfrrqG8Ep+8Jmf4JID2bNg7NvCPOZN+kfF574pFQI7mum2AUqDidoKqcTOw==
  
  npm-run-path@^2.0.0:
    version "2.0.2"
    resolved "https://registry.yarnpkg.com/npm-run-path/-/npm-run-path-2.0.2.tgz#35a9232dfa35d7067b4cb2ddf2357b1871536c5f"
    integrity sha1-NakjLfo11wZ7TLLd8jV7GHFTbF8=
    dependencies:
      path-key "^2.0.0"
  
  on-headers@~1.0.1:
    version "1.0.2"
    resolved "https://registry.yarnpkg.com/on-headers/-/on-headers-1.0.2.tgz#772b0ae6aaa525c399e489adfad90c403eb3c28f"
    integrity sha512-pZAE+FJLoyITytdqK0U5s+FIpjN0JP3OzFi/u8Rx+EV5/W+JTWGXG8xFzevE7AjBfDqHv/8vL8qQsIhHnqRkrA==
  
  p-finally@^1.0.0:
    version "1.0.0"
    resolved "https://registry.yarnpkg.com/p-finally/-/p-finally-1.0.0.tgz#3fbcfb15b899a44123b34b6dcc18b724336a2cae"
    integrity sha1-P7z7FbiZpEEjs0ttzBi3JDNqLK4=
  
  p-limit@^2.2.0:
    version "2.2.1"
    resolved "https://registry.yarnpkg.com/p-limit/-/p-limit-2.2.1.tgz#aa07a788cc3151c939b5131f63570f0dd2009537"
    integrity sha512-85Tk+90UCVWvbDavCLKPOLC9vvY8OwEX/RtKF+/1OADJMVlFfEHOiMTPVyxg7mk/dKa+ipdHm0OUkTvCpMTuwg==
    dependencies:
      p-try "^2.0.0"
  
  p-locate@^4.1.0:
    version "4.1.0"
    resolved "https://registry.yarnpkg.com/p-locate/-/p-locate-4.1.0.tgz#a3428bb7088b3a60292f66919278b7c297ad4f07"
    integrity sha512-R79ZZ/0wAxKGu3oYMlz8jy/kbhsNrS7SKZ7PxEHBgJ5+F2mtFW2fK2cOtBh1cHYkQsbzFV7I+EoRKe6Yt0oK7A==
    dependencies:
      p-limit "^2.2.0"
  
  p-try@^2.0.0:
    version "2.2.0"
    resolved "https://registry.yarnpkg.com/p-try/-/p-try-2.2.0.tgz#cb2868540e313d61de58fafbe35ce9004d5540e6"
    integrity sha512-R4nPAVTAU0B9D35/Gk3uJf/7XYbQcyohSKdvAxIRSNghFl4e71hVoGnBNQz9cWaXxO2I10KTC+3jMdvvoKw6dQ==
  
  path-exists@^4.0.0:
    version "4.0.0"
    resolved "https://registry.yarnpkg.com/path-exists/-/path-exists-4.0.0.tgz#513bdbe2d3b95d7762e8c1137efa195c6c61b5b3"
    integrity sha512-ak9Qy5Q7jYb2Wwcey5Fpvg2KoAc/ZIhLSLOSBmRmygPsGwkVVt0fZa0qrtMz+m6tJTAHfZQ8FnmB4MG4LWy7/w==
  
  path-is-inside@1.0.2:
    version "1.0.2"
    resolved "https://registry.yarnpkg.com/path-is-inside/-/path-is-inside-1.0.2.tgz#365417dede44430d1c11af61027facf074bdfc53"
    integrity sha1-NlQX3t5EQw0cEa9hAn+s8HS9/FM=
  
  path-key@^2.0.0:
    version "2.0.1"
    resolved "https://registry.yarnpkg.com/path-key/-/path-key-2.0.1.tgz#411cadb574c5a140d3a4b1910d40d80cc9f40b40"
    integrity sha1-QRyttXTFoUDTpLGRDUDYDMn0C0A=
  
  path-parse@^1.0.6:
    version "1.0.6"
    resolved "https://registry.yarnpkg.com/path-parse/-/path-parse-1.0.6.tgz#d62dbb5679405d72c4737ec58600e9ddcf06d24c"
    integrity sha512-GSmOT2EbHrINBf9SR7CDELwlJ8AENk3Qn7OikK4nFYAu3Ote2+JYNVvkpAEQm3/TLNEJFD/xZJjzyxg3KBWOzw==
  
  path-to-regexp@2.2.1:
    version "2.2.1"
    resolved "https://registry.yarnpkg.com/path-to-regexp/-/path-to-regexp-2.2.1.tgz#90b617025a16381a879bc82a38d4e8bdeb2bcf45"
    integrity sha512-gu9bD6Ta5bwGrrU8muHzVOBFFREpp2iRkVfhBJahwJ6p6Xw20SjT0MxLnwkjOibQmGSYhiUnf2FLe7k+jcFmGQ==
  
  pkg-dir@^4.1.0:
    version "4.2.0"
    resolved "https://registry.yarnpkg.com/pkg-dir/-/pkg-dir-4.2.0.tgz#f099133df7ede422e81d1d8448270eeb3e4261f3"
    integrity sha512-HRDzbaKjC+AOWVXxAU/x54COGeIv9eb+6CkDSQoNTt4XyWoIJvuPsXizxu/Fr23EiekbtZwmh1IcIG/l/a10GQ==
    dependencies:
      find-up "^4.0.0"
  
  prismjs@^1.17.1:
    version "1.17.1"
    resolved "https://registry.yarnpkg.com/prismjs/-/prismjs-1.17.1.tgz#e669fcbd4cdd873c35102881c33b14d0d68519be"
    integrity sha512-PrEDJAFdUGbOP6xK/UsfkC5ghJsPJviKgnQOoxaDbBjwc8op68Quupwt1DeAFoG8GImPhiKXAvvsH7wDSLsu1Q==
    optionalDependencies:
      clipboard "^2.0.0"
  
  pseudomap@^1.0.2:
    version "1.0.2"
    resolved "https://registry.yarnpkg.com/pseudomap/-/pseudomap-1.0.2.tgz#f052a28da70e618917ef0a8ac34c1ae5a68286b3"
    integrity sha1-8FKijacOYYkX7wqKw0wa5aaChrM=
  
  punycode@^1.3.2:
    version "1.4.1"
    resolved "https://registry.yarnpkg.com/punycode/-/punycode-1.4.1.tgz#c0d5a63b2718800ad8e1eb0fa5269c84dd41845e"
    integrity sha1-wNWmOycYgArY4esPpSachN1BhF4=
  
  punycode@^2.1.0:
    version "2.1.1"
    resolved "https://registry.yarnpkg.com/punycode/-/punycode-2.1.1.tgz#b58b010ac40c22c5657616c8d2c2c02c7bf479ec"
    integrity sha512-XRsRjdf+j5ml+y/6GKHPZbrF/8p2Yga0JPtdqTIY2Xe5ohJPD9saDJJLPvp9+NSBprVvevdXZybnj2cv8OEd0A==
  
  range-parser@1.2.0:
    version "1.2.0"
    resolved "https://registry.yarnpkg.com/range-parser/-/range-parser-1.2.0.tgz#f49be6b487894ddc40dcc94a322f611092e00d5e"
    integrity sha1-9JvmtIeJTdxA3MlKMi9hEJLgDV4=
  
  rc@^1.0.1, rc@^1.1.6:
    version "1.2.8"
    resolved "https://registry.yarnpkg.com/rc/-/rc-1.2.8.tgz#cd924bf5200a075b83c188cd6b9e211b7fc0d3ed"
    integrity sha512-y3bGgqKj3QBdxLbLkomlohkvsA8gdAiUQlSBJnBhfn+BPxg4bc62d8TcBW15wavDfgexCgccckhcZvywyQYPOw==
    dependencies:
      deep-extend "^0.6.0"
      ini "~1.3.0"
      minimist "^1.2.0"
      strip-json-comments "~2.0.1"
  
  registry-auth-token@3.3.2:
    version "3.3.2"
    resolved "https://registry.yarnpkg.com/registry-auth-token/-/registry-auth-token-3.3.2.tgz#851fd49038eecb586911115af845260eec983f20"
    integrity sha512-JL39c60XlzCVgNrO+qq68FoNb56w/m7JYvGR2jT5iR1xBrUA3Mfx5Twk5rqTThPmQKMWydGmq8oFtDlxfrmxnQ==
    dependencies:
      rc "^1.1.6"
      safe-buffer "^5.0.1"
  
  registry-url@3.1.0:
    version "3.1.0"
    resolved "https://registry.yarnpkg.com/registry-url/-/registry-url-3.1.0.tgz#3d4ef870f73dde1d77f0cf9a381432444e174942"
    integrity sha1-PU74cPc93h138M+aOBQyRE4XSUI=
    dependencies:
      rc "^1.0.1"
  
  reprism@^0.0.11:
    version "0.0.11"
    resolved "https://registry.yarnpkg.com/reprism/-/reprism-0.0.11.tgz#e760b85e0ae241722032cb8942a2bcab992a9083"
    integrity sha1-52C4XgriQXIgMsuJQqK8q5kqkIM=
  
  resolve@1.12.0:
    version "1.12.0"
    resolved "https://registry.yarnpkg.com/resolve/-/resolve-1.12.0.tgz#3fc644a35c84a48554609ff26ec52b66fa577df6"
    integrity sha512-B/dOmuoAik5bKcD6s6nXDCjzUKnaDvdkRyAk6rsmsKLipWj4797iothd7jmmUhWTfinVMU+wc56rYKsit2Qy4w==
    dependencies:
      path-parse "^1.0.6"
  
  rollup-plugin-babel@^4.3.3:
    version "4.3.3"
    resolved "https://registry.yarnpkg.com/rollup-plugin-babel/-/rollup-plugin-babel-4.3.3.tgz#7eb5ac16d9b5831c3fd5d97e8df77ba25c72a2aa"
    integrity sha512-tKzWOCmIJD/6aKNz0H1GMM+lW1q9KyFubbWzGiOG540zxPPifnEAHTZwjo0g991Y+DyOZcLqBgqOdqazYE5fkw==
    dependencies:
      "@babel/helper-module-imports" "^7.0.0"
      rollup-pluginutils "^2.8.1"
  
  rollup-plugin-typescript2@^0.25.2:
    version "0.25.2"
    resolved "https://registry.yarnpkg.com/rollup-plugin-typescript2/-/rollup-plugin-typescript2-0.25.2.tgz#1a165df08560902da45b355413464caca1765d3a"
    integrity sha512-+tpZj/ZIf2lwjyjX6xEW1S5Y38/21TB3p6poLodISIia8owMMfIKuFFnWcESE4FPBHkR8XPKqjY0PH9IUJJK+Q==
    dependencies:
      find-cache-dir "^3.0.0"
      fs-extra "8.1.0"
      resolve "1.12.0"
      rollup-pluginutils "2.8.1"
      tslib "1.10.0"
  
  rollup-pluginutils@2.8.1:
    version "2.8.1"
    resolved "https://registry.yarnpkg.com/rollup-pluginutils/-/rollup-pluginutils-2.8.1.tgz#8fa6dd0697344938ef26c2c09d2488ce9e33ce97"
    integrity sha512-J5oAoysWar6GuZo0s+3bZ6sVZAC0pfqKz68De7ZgDi5z63jOVZn1uJL/+z1jeKHNbGII8kAyHF5q8LnxSX5lQg==
    dependencies:
      estree-walker "^0.6.1"
  
  rollup-pluginutils@^2.8.1:
    version "2.8.2"
    resolved "https://registry.yarnpkg.com/rollup-pluginutils/-/rollup-pluginutils-2.8.2.tgz#72f2af0748b592364dbd3389e600e5a9444a351e"
    integrity sha512-EEp9NhnUkwY8aif6bxgovPHMoMoNr2FulJziTndpt5H9RdwC47GSGuII9XxpSdzVGM0GWrNPHV6ie1LTNJPaLQ==
    dependencies:
      estree-walker "^0.6.1"
  
  rollup@^1.27.0:
    version "1.27.0"
    resolved "https://registry.yarnpkg.com/rollup/-/rollup-1.27.0.tgz#7afe0da89c967cec5ccea7e919da6c89a1a68666"
    integrity sha512-yaMna4MJ8LLEHhHl1ilgHakylf0LKeQctDxhngZLQ+W57GnXa5vtH7XKaK8zlAhNEhlWiH5YFVFt+QCDPUmNkw==
    dependencies:
      "@types/estree" "*"
      "@types/node" "*"
      acorn "^7.1.0"
  
  safe-buffer@5.1.2:
    version "5.1.2"
    resolved "https://registry.yarnpkg.com/safe-buffer/-/safe-buffer-5.1.2.tgz#991ec69d296e0313747d59bdfd2b745c35f8828d"
    integrity sha512-Gd2UZBJDkXlY7GbJxfsE8/nvKkUEU1G38c1siN6QP6a9PT9MmHB8GnpscSmMJSoF8LOIrt8ud/wPtojys4G6+g==
  
  safe-buffer@^5.0.1:
    version "5.2.0"
    resolved "https://registry.yarnpkg.com/safe-buffer/-/safe-buffer-5.2.0.tgz#b74daec49b1148f88c64b68d49b1e815c1f2f519"
    integrity sha512-fZEwUGbVl7kouZs1jCdMLdt95hdIv0ZeHg6L7qPeciMZhZ+/gdesW4wgTARkrFWEpspjEATAzUGPG8N2jJiwbg==
  
  select@^1.1.2:
    version "1.1.2"
    resolved "https://registry.yarnpkg.com/select/-/select-1.1.2.tgz#0e7350acdec80b1108528786ec1d4418d11b396d"
    integrity sha1-DnNQrN7ICxEIUoeG7B1EGNEbOW0=
  
  semver@^6.0.0:
    version "6.3.0"
    resolved "https://registry.yarnpkg.com/semver/-/semver-6.3.0.tgz#ee0a64c8af5e8ceea67687b133761e1becbd1d3d"
    integrity sha512-b39TBaTSfV6yBrapU89p5fKekE2m/NwnDocOVruQFS1/veMgdzuPcnOM34M6CwxW8jH/lxEa5rBoDeUwu5HHTw==
  
  serve-handler@6.1.2:
    version "6.1.2"
    resolved "https://registry.yarnpkg.com/serve-handler/-/serve-handler-6.1.2.tgz#f05b0421a313fff2d257838cba00cbcc512cd2b6"
    integrity sha512-RFh49wX7zJmmOVDcIjiDSJnMH+ItQEvyuYLYuDBVoA/xmQSCuj+uRmk1cmBB5QQlI3qOiWKp6p4DUGY+Z5AB2A==
    dependencies:
      bytes "3.0.0"
      content-disposition "0.5.2"
      fast-url-parser "1.1.3"
      mime-types "2.1.18"
      minimatch "3.0.4"
      path-is-inside "1.0.2"
      path-to-regexp "2.2.1"
      range-parser "1.2.0"
  
  serve@^11.2.0:
    version "11.2.0"
    resolved "https://registry.yarnpkg.com/serve/-/serve-11.2.0.tgz#0405ce95c4e4a6abd9cd3d3a04ebaa7d94638627"
    integrity sha512-THZcLzDGk3vJqjhAbLkLag43tiE3V0B7wVe98Xtl+1KyAsr+4iShg+9hke4pLZmrCJu0pUg0TrbhJmdqn/MKoA==
    dependencies:
      "@zeit/schemas" "2.6.0"
      ajv "6.5.3"
      arg "2.0.0"
      boxen "1.3.0"
      chalk "2.4.1"
      clipboardy "1.2.3"
      compression "1.7.3"
      serve-handler "6.1.2"
      update-check "1.5.2"
  
  shebang-command@^1.2.0:
    version "1.2.0"
    resolved "https://registry.yarnpkg.com/shebang-command/-/shebang-command-1.2.0.tgz#44aac65b695b03398968c39f363fee5deafdf1ea"
    integrity sha1-RKrGW2lbAzmJaMOfNj/uXer98eo=
    dependencies:
      shebang-regex "^1.0.0"
  
  shebang-regex@^1.0.0:
    version "1.0.0"
    resolved "https://registry.yarnpkg.com/shebang-regex/-/shebang-regex-1.0.0.tgz#da42f49740c0b42db2ca9728571cb190c98efea3"
    integrity sha1-2kL0l0DAtC2yypcoVxyxkMmO/qM=
  
  signal-exit@^3.0.0:
    version "3.0.2"
    resolved "https://registry.yarnpkg.com/signal-exit/-/signal-exit-3.0.2.tgz#b5fdc08f1287ea1178628e415e25132b73646c6d"
    integrity sha1-tf3AjxKH6hF4Yo5BXiUTK3NkbG0=
  
  string-width@^2.0.0, string-width@^2.1.1:
    version "2.1.1"
    resolved "https://registry.yarnpkg.com/string-width/-/string-width-2.1.1.tgz#ab93f27a8dc13d28cac815c462143a6d9012ae9e"
    integrity sha512-nOqH59deCq9SRHlxq1Aw85Jnt4w6KvLKqWVik6oA9ZklXLNIOlqg4F2yrT1MVaTjAqvVwdfeZ7w7aCvJD7ugkw==
    dependencies:
      is-fullwidth-code-point "^2.0.0"
      strip-ansi "^4.0.0"
  
  strip-ansi@^4.0.0:
    version "4.0.0"
    resolved "https://registry.yarnpkg.com/strip-ansi/-/strip-ansi-4.0.0.tgz#a8479022eb1ac368a871389b635262c505ee368f"
    integrity sha1-qEeQIusaw2iocTibY1JixQXuNo8=
    dependencies:
      ansi-regex "^3.0.0"
  
  strip-eof@^1.0.0:
    version "1.0.0"
    resolved "https://registry.yarnpkg.com/strip-eof/-/strip-eof-1.0.0.tgz#bb43ff5598a6eb05d89b59fcd129c983313606bf"
    integrity sha1-u0P/VZim6wXYm1n80SnJgzE2Br8=
  
  strip-json-comments@~2.0.1:
    version "2.0.1"
    resolved "https://registry.yarnpkg.com/strip-json-comments/-/strip-json-comments-2.0.1.tgz#3c531942e908c2697c0ec344858c286c7ca0a60a"
    integrity sha1-PFMZQukIwml8DsNEhYwobHygpgo=
  
  supports-color@^5.3.0:
    version "5.5.0"
    resolved "https://registry.yarnpkg.com/supports-color/-/supports-color-5.5.0.tgz#e2e69a44ac8772f78a1ec0b35b689df6530efc8f"
    integrity sha512-QjVjwdXIt408MIiAqCX4oUKsgU2EqAGzs2Ppkm4aQYbjm+ZEWEcW4SfFNTr4uMNZma0ey4f5lgLrkB0aX0QMow==
    dependencies:
      has-flag "^3.0.0"
  
  term-size@^1.2.0:
    version "1.2.0"
    resolved "https://registry.yarnpkg.com/term-size/-/term-size-1.2.0.tgz#458b83887f288fc56d6fffbfad262e26638efa69"
    integrity sha1-RYuDiH8oj8Vtb/+/rSYuJmOO+mk=
    dependencies:
      execa "^0.7.0"
  
  tiny-emitter@^2.0.0:
    version "2.1.0"
    resolved "https://registry.yarnpkg.com/tiny-emitter/-/tiny-emitter-2.1.0.tgz#1d1a56edfc51c43e863cbb5382a72330e3555423"
    integrity sha512-NB6Dk1A9xgQPMoGqC5CVXn123gWyte215ONT5Pp5a0yt4nlEoO1ZWeCwpncaekPHXO60i47ihFnZPiRPjRMq4Q==
  
  to-fast-properties@^2.0.0:
    version "2.0.0"
    resolved "https://registry.yarnpkg.com/to-fast-properties/-/to-fast-properties-2.0.0.tgz#dc5e698cbd079265bc73e0377681a4e4e83f616e"
    integrity sha1-3F5pjL0HkmW8c+A3doGk5Og/YW4=
  
  tslib@1.10.0:
    version "1.10.0"
    resolved "https://registry.yarnpkg.com/tslib/-/tslib-1.10.0.tgz#c3c19f95973fb0a62973fb09d90d961ee43e5c8a"
    integrity sha512-qOebF53frne81cf0S9B41ByenJ3/IuH8yJKngAX35CmiZySA0khhkovshKK+jGCaMnVomla7gVlIcc3EvKPbTQ==
  
  typescript@^3.7.2:
    version "3.7.2"
    resolved "https://registry.yarnpkg.com/typescript/-/typescript-3.7.2.tgz#27e489b95fa5909445e9fef5ee48d81697ad18fb"
    integrity sha512-ml7V7JfiN2Xwvcer+XAf2csGO1bPBdRbFCkYBczNZggrBZ9c7G3riSUeJmqEU5uOtXNPMhE3n+R4FA/3YOAWOQ==
  
  universalify@^0.1.0:
    version "0.1.2"
    resolved "https://registry.yarnpkg.com/universalify/-/universalify-0.1.2.tgz#b646f69be3942dabcecc9d6639c80dc105efaa66"
    integrity sha512-rBJeI5CXAlmy1pV+617WB9J63U6XcazHHF2f2dbJix4XzpUF0RS3Zbj0FGIOCAva5P/d/GBOYaACQ1w+0azUkg==
  
  update-check@1.5.2:
    version "1.5.2"
    resolved "https://registry.yarnpkg.com/update-check/-/update-check-1.5.2.tgz#2fe09f725c543440b3d7dabe8971f2d5caaedc28"
    integrity sha512-1TrmYLuLj/5ZovwUS7fFd1jMH3NnFDN1y1A8dboedIDt7zs/zJMo6TwwlhYKkSeEwzleeiSBV5/3c9ufAQWDaQ==
    dependencies:
      registry-auth-token "3.3.2"
      registry-url "3.1.0"
  
  uri-js@^4.2.2:
    version "4.2.2"
    resolved "https://registry.yarnpkg.com/uri-js/-/uri-js-4.2.2.tgz#94c540e1ff772956e2299507c010aea6c8838eb0"
    integrity sha512-KY9Frmirql91X2Qgjry0Wd4Y+YTdrdZheS8TFwvkbLWf/G5KNJDCh6pKL5OZctEW4+0Baa5idK2ZQuELRwPznQ==
    dependencies:
      punycode "^2.1.0"
  
  vary@~1.1.2:
    version "1.1.2"
    resolved "https://registry.yarnpkg.com/vary/-/vary-1.1.2.tgz#2299f02c6ded30d4a5961b0b9f74524a18f634fc"
    integrity sha1-IpnwLG3tMNSllhsLn3RSShj2NPw=
  
  which@^1.2.9:
    version "1.3.1"
    resolved "https://registry.yarnpkg.com/which/-/which-1.3.1.tgz#a45043d54f5805316da8d62f9f50918d3da70b0a"
    integrity sha512-HxJdYWq1MTIQbJ3nw0cqssHoTNU267KlrDuGZ1WYlxDStUtKUhOaJmh112/TZmHxxUfuJqPXSOm7tDyas0OSIQ==
    dependencies:
      isexe "^2.0.0"
  
  widest-line@^2.0.0:
    version "2.0.1"
    resolved "https://registry.yarnpkg.com/widest-line/-/widest-line-2.0.1.tgz#7438764730ec7ef4381ce4df82fb98a53142a3fc"
    integrity sha512-Ba5m9/Fa4Xt9eb2ELXt77JxVDV8w7qQrH0zS/TWSJdLyAwQjWoOzpzj5lwVftDz6n/EOu3tNACS84v509qwnJA==
    dependencies:
      string-width "^2.1.1"
  
  yallist@^2.1.2:
    version "2.1.2"
    resolved "https://registry.yarnpkg.com/yallist/-/yallist-2.1.2.tgz#1c11f9218f076089a47dd512f93c6699a6a81d52"
    integrity sha1-HBH5IY8HYImkfdUS+TxmmaaoHVI=
